<?xml version="1.0" encoding="UTF-8"?>
<!-- Generated by org.testng.reporters.JUnitReportReporter -->
<testsuite hostname="Mirzab" failures="0" tests="1" name="driverForGeneric.Launch" time="20.151" errors="0" timestamp="2022-09-05T21:31:25 IST" skipped="0">
  <testcase classname="driverForGeneric.Launch" name="test" time="20.151"/>
  <system-out/>
</testsuite> <!-- driverForGeneric.Launch -->
